<?xml version="1.0" encoding="UTF-8" ?>
<testsuite tests="1" failures="0" name="EmpTest" time="0.733" errors="0" skipped="0">
  <properties>
    <property name="idea.version" value="2022.2.5"/>
    <property name="java.runtime.name" value="Java(TM) SE Runtime Environment"/>
    <property name="sun.boot.library.path" value="D:\software\jdk\jdk1.8\jre\bin"/>
    <property name="java.vm.version" value="25.31-b07"/>
    <property name="java.vm.vendor" value="Oracle Corporation"/>
    <property name="maven.multiModuleProjectDirectory" value="D:\workspace\myBlog\job"/>
    <property name="java.vendor.url" value="http://java.oracle.com/"/>
    <property name="path.separator" value=";"/>
    <property name="guice.disable.misplaced.annotation.check" value="true"/>
    <property name="java.vm.name" value="Java HotSpot(TM) 64-Bit Server VM"/>
    <property name="file.encoding.pkg" value="sun.io"/>
    <property name="user.script" value=""/>
    <property name="user.country" value="CN"/>
    <property name="sun.java.launcher" value="SUN_STANDARD"/>
    <property name="sun.os.patch.level" value=""/>
    <property name="java.vm.specification.name" value="Java Virtual Machine Specification"/>
    <property name="user.dir" value="D:\workspace\myBlog\job"/>
    <property name="java.runtime.version" value="1.8.0_31-b13"/>
    <property name="java.awt.graphicsenv" value="sun.awt.Win32GraphicsEnvironment"/>
    <property name="java.endorsed.dirs" value="D:\software\jdk\jdk1.8\jre\lib\endorsed"/>
    <property name="os.arch" value="amd64"/>
    <property name="java.io.tmpdir" value="C:\Users\T\AppData\Local\Temp\"/>
    <property name="line.separator" value="
"/>
    <property name="java.vm.specification.vendor" value="Oracle Corporation"/>
    <property name="user.variant" value=""/>
    <property name="os.name" value="Windows 8.1"/>
    <property name="maven.ext.class.path" value="D:\software\IntelliJIDEA\plugins\maven\lib\maven-event-listener.jar"/>
    <property name="classworlds.conf" value="D:\software\maven\apache-maven-3.6.3\bin\m2.conf"/>
    <property name="sun.jnu.encoding" value="GBK"/>
    <property name="java.library.path" value="D:\software\jdk\jdk1.8\bin;C:\WINDOWS\Sun\Java\bin;C:\WINDOWS\system32;C:\WINDOWS;D:\software\ShadowBot;C:\WINDOWS\system32;C:\WINDOWS;C:\WINDOWS\System32\Wbem;C:\WINDOWS\System32\WindowsPowerShell\v1.0\;C:\WINDOWS\System32\OpenSSH\;D:\software\Microsoft SQL Server\110\DTS\Binn\;D:\software\Microsoft SQL Serverx86\110\Tools\Binn\;D:\software\Microsoft SQL Server\110\Tools\Binn\;D:\software\Microsoft SQL Serverx86\110\Tools\Binn\ManagementStudio\;C:\Program Files (x86)\Microsoft Visual Studio 10.0\Common7\IDE\PrivateAssemblies\;D:\software\Microsoft SQL Serverx86\110\DTS\Binn\;C:\Program Files\dotnet\;D:\software\Git\cmd;D:\software\maven\apache-maven-3.6.3\bin;D:\software\jdk\jdk1.8\bin;D:\software\tomcat\apache-tomcat-8.5.100\bin;D:\software\nodejs\node_global;D:\software\微信web开发者工具\dll;D:\software\WechatDev\dll;D:\software\nvm\nvm1\nvm;D:\software\nvm\nodejs;C:\Users\T\AppData\Local\Google\Chrome\Application;C:\Program Files (x86)\cloudflared\;d:\software\Trae CN\bin;D:\software\ShadowBot;D:\software\python\Scripts\;D:\software\python\;C:\Users\T\AppData\Local\Programs\Python\Launcher\;C:\Users\T\AppData\Local\Microsoft\WindowsApps;D:\workspace;D:\workspace\shortcut;D:\software\node_cache;D:\software\Notepad 7.5.6 x64;D:\software\mariaDb\bin;D:\software\Microsoft VS Code\bin;C:\Users\T\AppData\Local\Pandoc\;C:\Users\T\AppData\Local\Programs\Ollama;D:\software\cursor\resources\app\bin;D:\software\nvm\nvm1\nvm;D:\software\nvm\nodejs;C:\Users\T\AppData\Local\GitHubDesktop\bin;."/>
    <property name="maven.conf" value="D:\software\maven\apache-maven-3.6.3/conf"/>
    <property name="java.specification.name" value="Java Platform API Specification"/>
    <property name="java.class.version" value="52.0"/>
    <property name="sun.management.compiler" value="HotSpot 64-Bit Tiered Compilers"/>
    <property name="maven.repo.local" value="D:\software\maven\maven_rep"/>
    <property name="os.version" value="6.3"/>
    <property name="user.home" value="C:\Users\T"/>
    <property name="user.timezone" value="Asia/Shanghai"/>
    <property name="java.awt.printerjob" value="sun.awt.windows.WPrinterJob"/>
    <property name="java.specification.version" value="1.8"/>
    <property name="file.encoding" value="UTF-8"/>
    <property name="user.name" value="T"/>
    <property name="java.class.path" value="D:\software\maven\apache-maven-3.6.3\boot\plexus-classworlds-2.6.0.jar;D:\software\maven\apache-maven-3.6.3\boot\plexus-classworlds.license;D:\software\IntelliJIDEA\lib\idea_rt.jar"/>
    <property name="java.vm.specification.version" value="1.8"/>
    <property name="sun.arch.data.model" value="64"/>
    <property name="java.home" value="D:\software\jdk\jdk1.8\jre"/>
    <property name="sun.java.command" value="org.codehaus.classworlds.Launcher -Didea.version=2022.2.5 -s D:\software\maven\apache-maven-3.0.4\conf\settings.xml -Dmaven.repo.local=D:\software\maven\maven_rep install"/>
    <property name="java.specification.vendor" value="Oracle Corporation"/>
    <property name="user.language" value="zh"/>
    <property name="awt.toolkit" value="sun.awt.windows.WToolkit"/>
    <property name="java.vm.info" value="mixed mode"/>
    <property name="java.version" value="1.8.0_31"/>
    <property name="java.ext.dirs" value="D:\software\jdk\jdk1.8\jre\lib\ext;C:\WINDOWS\Sun\Java\lib\ext"/>
    <property name="sun.boot.class.path" value="D:\software\jdk\jdk1.8\jre\lib\resources.jar;D:\software\jdk\jdk1.8\jre\lib\rt.jar;D:\software\jdk\jdk1.8\jre\lib\sunrsasign.jar;D:\software\jdk\jdk1.8\jre\lib\jsse.jar;D:\software\jdk\jdk1.8\jre\lib\jce.jar;D:\software\jdk\jdk1.8\jre\lib\charsets.jar;D:\software\jdk\jdk1.8\jre\lib\jfr.jar;D:\software\jdk\jdk1.8\jre\classes"/>
    <property name="java.vendor" value="Oracle Corporation"/>
    <property name="maven.home" value="D:\software\maven\apache-maven-3.6.3"/>
    <property name="file.separator" value="\"/>
    <property name="java.vendor.url.bug" value="http://bugreport.sun.com/bugreport/"/>
    <property name="sun.cpu.endian" value="little"/>
    <property name="sun.io.unicode.encoding" value="UnicodeLittle"/>
    <property name="sun.desktop" value="windows"/>
    <property name="sun.cpu.isalist" value="amd64"/>
  </properties>
  <testcase classname="EmpTest" name="EmpTest.tests" time="0.733"/>
</testsuite>